<?xml version="1.0" encoding="UTF-8"?>
<!-- Generated by org.testng.reporters.JUnitReportReporter -->
<testsuite skipped="0" hostname="LTAUS00245" name="seleniumTest.com.NewTest" tests="1" failures="0" timestamp="26 Feb 2019 02:56:40 GMT" time="13.962" errors="0">
  <testcase name="main" time="13.962" classname="seleniumTest.com.NewTest"/>
</testsuite> <!-- seleniumTest.com.NewTest -->
