<?xml version="1.0" encoding="UTF-8"?>
<!-- Generated by org.testng.reporters.JUnitReportReporter -->
<testsuite skipped="0" hostname="LTAUS00245" name="seleniumTest.com.DataTest_TwoRuns" tests="2" failures="0" timestamp="28 Feb 2019 07:37:18 GMT" time="35.722" errors="0">
  <testcase name="fbLoginLogout" time="13.504" classname="seleniumTest.com.DataTest_TwoRuns"/>
  <testcase name="fbLoginLogout" time="22.218" classname="seleniumTest.com.DataTest_TwoRuns"/>
</testsuite> <!-- seleniumTest.com.DataTest_TwoRuns -->
