<?xml version="1.0" encoding="UTF-8"?>
<!-- Generated by org.testng.reporters.JUnitReportReporter -->
<testsuite skipped="0" hostname="LTAUS00245" name="seleniumTest.com.NewSiteInstall" tests="1" failures="0" timestamp="13 Mar 2019 06:56:22 GMT" time="39.753" errors="0">
  <testcase name="main" time="39.753" classname="seleniumTest.com.NewSiteInstall"/>
</testsuite> <!-- seleniumTest.com.NewSiteInstall -->
